c:\users\iahsa\source\repos\anpr\anpr\debug\anpr.anpr.resources
c:\users\iahsa\source\repos\anpr\anpr\debug\anpr.pch
c:\users\iahsa\source\repos\anpr\anpr\debug\vc141.pdb
c:\users\iahsa\source\repos\anpr\anpr\debug\stdafx.obj
c:\users\iahsa\source\repos\anpr\anpr\debug\anpr.obj
c:\users\iahsa\source\repos\anpr\anpr\debug\cppclr_winformsprojekt.obj
c:\users\iahsa\source\repos\anpr\anpr\debug\assemblyinfo.obj
c:\users\iahsa\source\repos\anpr\anpr\debug\.netframework,version=v4.5.2.assemblyattributes.obj
c:\users\iahsa\source\repos\anpr\anpr\debug\.netframework,version=v4.5.2.assemblyattributes.asm
c:\users\iahsa\source\repos\anpr\debug\anpr.exe
c:\users\iahsa\source\repos\anpr\debug\anpr.pdb
c:\users\iahsa\source\repos\anpr\anpr\debug\app.res
c:\users\iahsa\source\repos\anpr\anpr\debug\anpr.vcxproj.generateresource.cache
c:\users\iahsa\source\repos\anpr\anpr\debug\anpr.tlog\anpr.write.1u.tlog
c:\users\iahsa\source\repos\anpr\anpr\debug\anpr.tlog\cl.command.1.tlog
c:\users\iahsa\source\repos\anpr\anpr\debug\anpr.tlog\cl.read.1.tlog
c:\users\iahsa\source\repos\anpr\anpr\debug\anpr.tlog\cl.write.1.tlog
c:\users\iahsa\source\repos\anpr\anpr\debug\anpr.tlog\link.command.1.tlog
c:\users\iahsa\source\repos\anpr\anpr\debug\anpr.tlog\link.read.1.tlog
c:\users\iahsa\source\repos\anpr\anpr\debug\anpr.tlog\link.write.1.tlog
c:\users\iahsa\source\repos\anpr\anpr\debug\anpr.tlog\metagen.read.1.tlog
c:\users\iahsa\source\repos\anpr\anpr\debug\anpr.tlog\metagen.write.1.tlog
c:\users\iahsa\source\repos\anpr\anpr\debug\anpr.tlog\rc.command.1.tlog
c:\users\iahsa\source\repos\anpr\anpr\debug\anpr.tlog\rc.read.1.tlog
c:\users\iahsa\source\repos\anpr\anpr\debug\anpr.tlog\rc.write.1.tlog
c:\users\iahsa\source\repos\anpr\anpr\debug\anpr.tlog\tzres.dll.bi
